<?xml version="1.0" encoding="UTF-8"?>
<testsuite xmlns:xsi="http://www.w3.org/2001/XMLSchema-instance" xsi:noNamespaceSchemaLocation="https://maven.apache.org/surefire/maven-surefire-plugin/xsd/surefire-test-report.xsd" name="com.example.camelmicroservicea.CamelMicroserviceAApplicationTests" time="14.181" tests="1" errors="1" skipped="0" failures="0">
  <properties>
    <property name="sun.desktop" value="gnome"/>
    <property name="awt.toolkit" value="sun.awt.X11.XToolkit"/>
    <property name="java.specification.version" value="11"/>
    <property name="sun.cpu.isalist" value=""/>
    <property name="sun.jnu.encoding" value="UTF-8"/>
    <property name="java.class.path" value="/home/1team009/Desktop/practice/camel-microservice-a/target/test-classes:/home/1team009/Desktop/practice/camel-microservice-a/target/classes:/home/1team009/.m2/repository/org/apache/camel/camel-quartz/3.20.6/camel-quartz-3.20.6.jar:/home/1team009/.m2/repository/org/apache/camel/camel-support/3.20.6/camel-support-3.20.6.jar:/home/1team009/.m2/repository/org/apache/camel/camel-api/3.20.6/camel-api-3.20.6.jar:/home/1team009/.m2/repository/org/apache/camel/camel-management-api/3.20.6/camel-management-api-3.20.6.jar:/home/1team009/.m2/repository/org/apache/camel/camel-util/3.20.6/camel-util-3.20.6.jar:/home/1team009/.m2/repository/org/slf4j/slf4j-api/1.7.36/slf4j-api-1.7.36.jar:/home/1team009/.m2/repository/org/quartz-scheduler/quartz/2.3.2/quartz-2.3.2.jar:/home/1team009/.m2/repository/com/mchange/mchange-commons-java/0.2.15/mchange-commons-java-0.2.15.jar:/home/1team009/.m2/repository/com/mchange/c3p0/0.9.5.5/c3p0-0.9.5.5.jar:/home/1team009/.m2/repository/org/apache/camel/springboot/camel-scheduler-starter/3.20.6/camel-scheduler-starter-3.20.6.jar:/home/1team009/.m2/repository/org/springframework/boot/spring-boot-starter/2.7.15/spring-boot-starter-2.7.15.jar:/home/1team009/.m2/repository/org/springframework/boot/spring-boot-starter-logging/2.7.15/spring-boot-starter-logging-2.7.15.jar:/home/1team009/.m2/repository/ch/qos/logback/logback-classic/1.2.12/logback-classic-1.2.12.jar:/home/1team009/.m2/repository/ch/qos/logback/logback-core/1.2.12/logback-core-1.2.12.jar:/home/1team009/.m2/repository/org/apache/logging/log4j/log4j-to-slf4j/2.17.2/log4j-to-slf4j-2.17.2.jar:/home/1team009/.m2/repository/org/apache/logging/log4j/log4j-api/2.17.2/log4j-api-2.17.2.jar:/home/1team009/.m2/repository/org/slf4j/jul-to-slf4j/1.7.36/jul-to-slf4j-1.7.36.jar:/home/1team009/.m2/repository/jakarta/annotation/jakarta.annotation-api/1.3.5/jakarta.annotation-api-1.3.5.jar:/home/1team009/.m2/repository/org/yaml/snakeyaml/1.30/snakeyaml-1.30.jar:/home/1team009/.m2/repository/org/apache/camel/camel-scheduler/3.20.6/camel-scheduler-3.20.6.jar:/home/1team009/.m2/repository/org/apache/camel/springboot/camel-core-starter/3.20.6/camel-core-starter-3.20.6.jar:/home/1team009/.m2/repository/org/apache/camel/camel-core-engine/3.20.6/camel-core-engine-3.20.6.jar:/home/1team009/.m2/repository/org/apache/camel/camel-base-engine/3.20.6/camel-base-engine-3.20.6.jar:/home/1team009/.m2/repository/org/apache/camel/camel-base/3.20.6/camel-base-3.20.6.jar:/home/1team009/.m2/repository/org/apache/camel/camel-core-reifier/3.20.6/camel-core-reifier-3.20.6.jar:/home/1team009/.m2/repository/org/apache/camel/camel-core-processor/3.20.6/camel-core-processor-3.20.6.jar:/home/1team009/.m2/repository/org/apache/camel/camel-stream/3.20.6/camel-stream-3.20.6.jar:/home/1team009/.m2/repository/org/springframework/boot/spring-boot-starter-actuator/2.7.15/spring-boot-starter-actuator-2.7.15.jar:/home/1team009/.m2/repository/org/springframework/boot/spring-boot-actuator-autoconfigure/2.7.15/spring-boot-actuator-autoconfigure-2.7.15.jar:/home/1team009/.m2/repository/org/springframework/boot/spring-boot-actuator/2.7.15/spring-boot-actuator-2.7.15.jar:/home/1team009/.m2/repository/com/fasterxml/jackson/core/jackson-databind/2.13.5/jackson-databind-2.13.5.jar:/home/1team009/.m2/repository/com/fasterxml/jackson/core/jackson-annotations/2.13.5/jackson-annotations-2.13.5.jar:/home/1team009/.m2/repository/com/fasterxml/jackson/core/jackson-core/2.13.5/jackson-core-2.13.5.jar:/home/1team009/.m2/repository/com/fasterxml/jackson/datatype/jackson-datatype-jsr310/2.13.5/jackson-datatype-jsr310-2.13.5.jar:/home/1team009/.m2/repository/io/micrometer/micrometer-core/1.9.14/micrometer-core-1.9.14.jar:/home/1team009/.m2/repository/org/hdrhistogram/HdrHistogram/2.1.12/HdrHistogram-2.1.12.jar:/home/1team009/.m2/repository/org/latencyutils/LatencyUtils/2.0.3/LatencyUtils-2.0.3.jar:/home/1team009/.m2/repository/org/springframework/boot/spring-boot-starter-web/2.7.15/spring-boot-starter-web-2.7.15.jar:/home/1team009/.m2/repository/org/springframework/boot/spring-boot-starter-json/2.7.15/spring-boot-starter-json-2.7.15.jar:/home/1team009/.m2/repository/com/fasterxml/jackson/datatype/jackson-datatype-jdk8/2.13.5/jackson-datatype-jdk8-2.13.5.jar:/home/1team009/.m2/repository/com/fasterxml/jackson/module/jackson-module-parameter-names/2.13.5/jackson-module-parameter-names-2.13.5.jar:/home/1team009/.m2/repository/org/springframework/boot/spring-boot-starter-tomcat/2.7.15/spring-boot-starter-tomcat-2.7.15.jar:/home/1team009/.m2/repository/org/apache/tomcat/embed/tomcat-embed-core/9.0.79/tomcat-embed-core-9.0.79.jar:/home/1team009/.m2/repository/org/apache/tomcat/embed/tomcat-embed-el/9.0.79/tomcat-embed-el-9.0.79.jar:/home/1team009/.m2/repository/org/apache/tomcat/embed/tomcat-embed-websocket/9.0.79/tomcat-embed-websocket-9.0.79.jar:/home/1team009/.m2/repository/org/springframework/spring-web/5.3.29/spring-web-5.3.29.jar:/home/1team009/.m2/repository/org/springframework/spring-beans/5.3.29/spring-beans-5.3.29.jar:/home/1team009/.m2/repository/org/springframework/spring-webmvc/5.3.29/spring-webmvc-5.3.29.jar:/home/1team009/.m2/repository/org/springframework/spring-aop/5.3.29/spring-aop-5.3.29.jar:/home/1team009/.m2/repository/org/springframework/spring-context/5.3.29/spring-context-5.3.29.jar:/home/1team009/.m2/repository/org/springframework/spring-expression/5.3.29/spring-expression-5.3.29.jar:/home/1team009/.m2/repository/org/apache/camel/springboot/camel-spring-boot-starter/3.20.6/camel-spring-boot-starter-3.20.6.jar:/home/1team009/.m2/repository/org/apache/camel/springboot/camel-spring-boot/3.20.6/camel-spring-boot-3.20.6.jar:/home/1team009/.m2/repository/org/apache/camel/camel-spring/3.20.6/camel-spring-3.20.6.jar:/home/1team009/.m2/repository/org/apache/camel/camel-spring-main/3.20.6/camel-spring-main-3.20.6.jar:/home/1team009/.m2/repository/org/apache/camel/camel-main/3.20.6/camel-main-3.20.6.jar:/home/1team009/.m2/repository/org/apache/camel/camel-core-languages/3.20.6/camel-core-languages-3.20.6.jar:/home/1team009/.m2/repository/org/apache/camel/camel-util-json/3.20.6/camel-util-json-3.20.6.jar:/home/1team009/.m2/repository/org/apache/camel/camel-xml-jaxb-dsl/3.20.6/camel-xml-jaxb-dsl-3.20.6.jar:/home/1team009/.m2/repository/org/apache/camel/camel-xml-jaxb/3.20.6/camel-xml-jaxb-3.20.6.jar:/home/1team009/.m2/repository/com/sun/xml/bind/jaxb-core/2.3.0/jaxb-core-2.3.0.jar:/home/1team009/.m2/repository/com/sun/xml/bind/jaxb-impl/2.3.3/jaxb-impl-2.3.3.jar:/home/1team009/.m2/repository/com/sun/activation/jakarta.activation/1.2.2/jakarta.activation-1.2.2.jar:/home/1team009/.m2/repository/org/apache/camel/camel-dsl-support/3.20.6/camel-dsl-support-3.20.6.jar:/home/1team009/.m2/repository/org/apache/camel/camel-spring-xml/3.20.6/camel-spring-xml-3.20.6.jar:/home/1team009/.m2/repository/org/apache/camel/camel-core-xml/3.20.6/camel-core-xml-3.20.6.jar:/home/1team009/.m2/repository/javax/annotation/javax.annotation-api/1.3.2/javax.annotation-api-1.3.2.jar:/home/1team009/.m2/repository/org/apache/camel/camel-cloud/3.20.6/camel-cloud-3.20.6.jar:/home/1team009/.m2/repository/org/apache/camel/camel-core-model/3.20.6/camel-core-model-3.20.6.jar:/home/1team009/.m2/repository/org/apache/camel/camel-cluster/3.20.6/camel-cluster-3.20.6.jar:/home/1team009/.m2/repository/org/apache/camel/camel-health/3.20.6/camel-health-3.20.6.jar:/home/1team009/.m2/repository/org/apache/camel/springboot/camel-bean-starter/3.20.6/camel-bean-starter-3.20.6.jar:/home/1team009/.m2/repository/org/apache/camel/camel-bean/3.20.6/camel-bean-3.20.6.jar:/home/1team009/.m2/repository/org/apache/camel/springboot/camel-browse-starter/3.20.6/camel-browse-starter-3.20.6.jar:/home/1team009/.m2/repository/org/apache/camel/camel-browse/3.20.6/camel-browse-3.20.6.jar:/home/1team009/.m2/repository/org/apache/camel/springboot/camel-controlbus-starter/3.20.6/camel-controlbus-starter-3.20.6.jar:/home/1team009/.m2/repository/org/apache/camel/camel-controlbus/3.20.6/camel-controlbus-3.20.6.jar:/home/1team009/.m2/repository/org/apache/camel/springboot/camel-dataformat-starter/3.20.6/camel-dataformat-starter-3.20.6.jar:/home/1team009/.m2/repository/org/apache/camel/camel-dataformat/3.20.6/camel-dataformat-3.20.6.jar:/home/1team009/.m2/repository/org/apache/camel/springboot/camel-dataset-starter/3.20.6/camel-dataset-starter-3.20.6.jar:/home/1team009/.m2/repository/org/apache/camel/camel-dataset/3.20.6/camel-dataset-3.20.6.jar:/home/1team009/.m2/repository/org/apache/camel/springboot/camel-direct-starter/3.20.6/camel-direct-starter-3.20.6.jar:/home/1team009/.m2/repository/org/apache/camel/camel-direct/3.20.6/camel-direct-3.20.6.jar:/home/1team009/.m2/repository/org/apache/camel/springboot/camel-directvm-starter/3.20.6/camel-directvm-starter-3.20.6.jar:/home/1team009/.m2/repository/org/apache/camel/camel-directvm/3.20.6/camel-directvm-3.20.6.jar:/home/1team009/.m2/repository/org/apache/camel/springboot/camel-file-starter/3.20.6/camel-file-starter-3.20.6.jar:/home/1team009/.m2/repository/org/apache/camel/camel-file/3.20.6/camel-file-3.20.6.jar:/home/1team009/.m2/repository/org/apache/camel/springboot/camel-language-starter/3.20.6/camel-language-starter-3.20.6.jar:/home/1team009/.m2/repository/org/apache/camel/camel-language/3.20.6/camel-language-3.20.6.jar:/home/1team009/.m2/repository/org/apache/camel/springboot/camel-log-starter/3.20.6/camel-log-starter-3.20.6.jar:/home/1team009/.m2/repository/org/apache/camel/camel-log/3.20.6/camel-log-3.20.6.jar:/home/1team009/.m2/repository/org/apache/camel/springboot/camel-mock-starter/3.20.6/camel-mock-starter-3.20.6.jar:/home/1team009/.m2/repository/org/apache/camel/camel-mock/3.20.6/camel-mock-3.20.6.jar:/home/1team009/.m2/repository/org/apache/camel/springboot/camel-ref-starter/3.20.6/camel-ref-starter-3.20.6.jar:/home/1team009/.m2/repository/org/apache/camel/camel-ref/3.20.6/camel-ref-3.20.6.jar:/home/1team009/.m2/repository/org/apache/camel/springboot/camel-rest-starter/3.20.6/camel-rest-starter-3.20.6.jar:/home/1team009/.m2/repository/org/apache/camel/camel-rest/3.20.6/camel-rest-3.20.6.jar:/home/1team009/.m2/repository/org/apache/camel/camel-tooling-model/3.20.6/camel-tooling-model-3.20.6.jar:/home/1team009/.m2/repository/org/apache/camel/springboot/camel-saga-starter/3.20.6/camel-saga-starter-3.20.6.jar:/home/1team009/.m2/repository/org/apache/camel/camel-saga/3.20.6/camel-saga-3.20.6.jar:/home/1team009/.m2/repository/org/apache/camel/springboot/camel-seda-starter/3.20.6/camel-seda-starter-3.20.6.jar:/home/1team009/.m2/repository/org/apache/camel/camel-seda/3.20.6/camel-seda-3.20.6.jar:/home/1team009/.m2/repository/org/apache/camel/springboot/camel-stub-starter/3.20.6/camel-stub-starter-3.20.6.jar:/home/1team009/.m2/repository/org/apache/camel/camel-stub/3.20.6/camel-stub-3.20.6.jar:/home/1team009/.m2/repository/org/apache/camel/springboot/camel-timer-starter/3.20.6/camel-timer-starter-3.20.6.jar:/home/1team009/.m2/repository/org/apache/camel/camel-timer/3.20.6/camel-timer-3.20.6.jar:/home/1team009/.m2/repository/org/apache/camel/springboot/camel-validator-starter/3.20.6/camel-validator-starter-3.20.6.jar:/home/1team009/.m2/repository/org/apache/camel/camel-validator/3.20.6/camel-validator-3.20.6.jar:/home/1team009/.m2/repository/org/apache/camel/springboot/camel-vm-starter/3.20.6/camel-vm-starter-3.20.6.jar:/home/1team009/.m2/repository/org/apache/camel/camel-vm/3.20.6/camel-vm-3.20.6.jar:/home/1team009/.m2/repository/org/apache/camel/springboot/camel-xpath-starter/3.20.6/camel-xpath-starter-3.20.6.jar:/home/1team009/.m2/repository/org/apache/camel/camel-xpath/3.20.6/camel-xpath-3.20.6.jar:/home/1team009/.m2/repository/org/apache/camel/springboot/camel-xslt-starter/3.20.6/camel-xslt-starter-3.20.6.jar:/home/1team009/.m2/repository/org/apache/camel/camel-xslt/3.20.6/camel-xslt-3.20.6.jar:/home/1team009/.m2/repository/org/apache/camel/springboot/camel-xml-jaxp-starter/3.20.6/camel-xml-jaxp-starter-3.20.6.jar:/home/1team009/.m2/repository/org/apache/camel/camel-xml-jaxp/3.20.6/camel-xml-jaxp-3.20.6.jar:/home/1team009/.m2/repository/org/apache/camel/camel-xml-io-util/3.20.6/camel-xml-io-util-3.20.6.jar:/home/1team009/.m2/repository/org/apache/camel/springboot/camel-activemq-starter/3.20.6/camel-activemq-starter-3.20.6.jar:/home/1team009/.m2/repository/org/apache/camel/camel-activemq/3.20.6/camel-activemq-3.20.6.jar:/home/1team009/.m2/repository/org/apache/geronimo/specs/geronimo-jms_1.1_spec/1.1.1/geronimo-jms_1.1_spec-1.1.1.jar:/home/1team009/.m2/repository/org/apache/activemq/activemq-spring/5.16.6/activemq-spring-5.16.6.jar:/home/1team009/.m2/repository/org/apache/xbean/xbean-spring/4.22/xbean-spring-4.22.jar:/home/1team009/.m2/repository/org/apache/activemq/activemq-broker/5.16.6/activemq-broker-5.16.6.jar:/home/1team009/.m2/repository/org/apache/activemq/activemq-openwire-legacy/5.16.6/activemq-openwire-legacy-5.16.6.jar:/home/1team009/.m2/repository/org/apache/geronimo/specs/geronimo-jta_1.1_spec/1.1.1/geronimo-jta_1.1_spec-1.1.1.jar:/home/1team009/.m2/repository/org/apache/commons/commons-pool2/2.11.1/commons-pool2-2.11.1.jar:/home/1team009/.m2/repository/org/apache/activemq/activemq-pool/5.16.6/activemq-pool-5.16.6.jar:/home/1team009/.m2/repository/org/apache/activemq/activemq-jms-pool/5.16.6/activemq-jms-pool-5.16.6.jar:/home/1team009/.m2/repository/org/apache/activemq/activemq-client/5.16.6/activemq-client-5.16.6.jar:/home/1team009/.m2/repository/org/fusesource/hawtbuf/hawtbuf/1.11/hawtbuf-1.11.jar:/home/1team009/.m2/repository/org/apache/geronimo/specs/geronimo-j2ee-management_1.1_spec/1.0.1/geronimo-j2ee-management_1.1_spec-1.0.1.jar:/home/1team009/.m2/repository/org/apache/camel/camel-jms/3.20.6/camel-jms-3.20.6.jar:/home/1team009/.m2/repository/org/springframework/spring-jms/5.3.29/spring-jms-5.3.29.jar:/home/1team009/.m2/repository/org/springframework/spring-messaging/5.3.29/spring-messaging-5.3.29.jar:/home/1team009/.m2/repository/org/springframework/spring-tx/5.3.29/spring-tx-5.3.29.jar:/home/1team009/.m2/repository/org/apache/geronimo/specs/geronimo-jms_2.0_spec/1.0-alpha-2/geronimo-jms_2.0_spec-1.0-alpha-2.jar:/home/1team009/.m2/repository/org/springframework/boot/spring-boot-devtools/2.7.15/spring-boot-devtools-2.7.15.jar:/home/1team009/.m2/repository/org/springframework/boot/spring-boot/2.7.15/spring-boot-2.7.15.jar:/home/1team009/.m2/repository/org/springframework/boot/spring-boot-autoconfigure/2.7.15/spring-boot-autoconfigure-2.7.15.jar:/home/1team009/.m2/repository/org/springframework/boot/spring-boot-starter-test/2.7.15/spring-boot-starter-test-2.7.15.jar:/home/1team009/.m2/repository/org/springframework/boot/spring-boot-test/2.7.15/spring-boot-test-2.7.15.jar:/home/1team009/.m2/repository/org/springframework/boot/spring-boot-test-autoconfigure/2.7.15/spring-boot-test-autoconfigure-2.7.15.jar:/home/1team009/.m2/repository/com/jayway/jsonpath/json-path/2.7.0/json-path-2.7.0.jar:/home/1team009/.m2/repository/net/minidev/json-smart/2.4.11/json-smart-2.4.11.jar:/home/1team009/.m2/repository/net/minidev/accessors-smart/2.4.11/accessors-smart-2.4.11.jar:/home/1team009/.m2/repository/org/ow2/asm/asm/9.3/asm-9.3.jar:/home/1team009/.m2/repository/jakarta/xml/bind/jakarta.xml.bind-api/2.3.3/jakarta.xml.bind-api-2.3.3.jar:/home/1team009/.m2/repository/jakarta/activation/jakarta.activation-api/1.2.2/jakarta.activation-api-1.2.2.jar:/home/1team009/.m2/repository/org/assertj/assertj-core/3.22.0/assertj-core-3.22.0.jar:/home/1team009/.m2/repository/org/hamcrest/hamcrest/2.2/hamcrest-2.2.jar:/home/1team009/.m2/repository/org/junit/jupiter/junit-jupiter/5.8.2/junit-jupiter-5.8.2.jar:/home/1team009/.m2/repository/org/junit/jupiter/junit-jupiter-api/5.8.2/junit-jupiter-api-5.8.2.jar:/home/1team009/.m2/repository/org/opentest4j/opentest4j/1.2.0/opentest4j-1.2.0.jar:/home/1team009/.m2/repository/org/junit/platform/junit-platform-commons/1.8.2/junit-platform-commons-1.8.2.jar:/home/1team009/.m2/repository/org/apiguardian/apiguardian-api/1.1.2/apiguardian-api-1.1.2.jar:/home/1team009/.m2/repository/org/junit/jupiter/junit-jupiter-params/5.8.2/junit-jupiter-params-5.8.2.jar:/home/1team009/.m2/repository/org/junit/jupiter/junit-jupiter-engine/5.8.2/junit-jupiter-engine-5.8.2.jar:/home/1team009/.m2/repository/org/junit/platform/junit-platform-engine/1.8.2/junit-platform-engine-1.8.2.jar:/home/1team009/.m2/repository/org/mockito/mockito-core/4.5.1/mockito-core-4.5.1.jar:/home/1team009/.m2/repository/net/bytebuddy/byte-buddy/1.12.23/byte-buddy-1.12.23.jar:/home/1team009/.m2/repository/net/bytebuddy/byte-buddy-agent/1.12.23/byte-buddy-agent-1.12.23.jar:/home/1team009/.m2/repository/org/objenesis/objenesis/3.2/objenesis-3.2.jar:/home/1team009/.m2/repository/org/mockito/mockito-junit-jupiter/4.5.1/mockito-junit-jupiter-4.5.1.jar:/home/1team009/.m2/repository/org/skyscreamer/jsonassert/1.5.1/jsonassert-1.5.1.jar:/home/1team009/.m2/repository/com/vaadin/external/google/android-json/0.0.20131108.vaadin1/android-json-0.0.20131108.vaadin1.jar:/home/1team009/.m2/repository/org/springframework/spring-core/5.3.29/spring-core-5.3.29.jar:/home/1team009/.m2/repository/org/springframework/spring-jcl/5.3.29/spring-jcl-5.3.29.jar:/home/1team009/.m2/repository/org/springframework/spring-test/5.3.29/spring-test-5.3.29.jar:/home/1team009/.m2/repository/org/xmlunit/xmlunit-core/2.9.1/xmlunit-core-2.9.1.jar:"/>
    <property name="java.vm.vendor" value="Ubuntu"/>
    <property name="sun.arch.data.model" value="64"/>
    <property name="java.vendor.url" value="https://ubuntu.com/"/>
    <property name="user.timezone" value=""/>
    <property name="java.vm.specification.version" value="11"/>
    <property name="os.name" value="Linux"/>
    <property name="sun.java.launcher" value="SUN_STANDARD"/>
    <property name="user.country" value="IN"/>
    <property name="sun.boot.library.path" value="/usr/lib/jvm/java-11-openjdk-amd64/lib"/>
    <property name="sun.java.command" value="/home/1team009/Desktop/practice/camel-microservice-a/target/surefire/surefirebooter15411457908825263790.jar /home/1team009/Desktop/practice/camel-microservice-a/target/surefire 2023-09-29T16-27-15_965-jvmRun1 surefire3170773766678761403tmp surefire_015566484748366279782tmp"/>
    <property name="jdk.debug" value="release"/>
    <property name="surefire.test.class.path" value="/home/1team009/Desktop/practice/camel-microservice-a/target/test-classes:/home/1team009/Desktop/practice/camel-microservice-a/target/classes:/home/1team009/.m2/repository/org/apache/camel/camel-quartz/3.20.6/camel-quartz-3.20.6.jar:/home/1team009/.m2/repository/org/apache/camel/camel-support/3.20.6/camel-support-3.20.6.jar:/home/1team009/.m2/repository/org/apache/camel/camel-api/3.20.6/camel-api-3.20.6.jar:/home/1team009/.m2/repository/org/apache/camel/camel-management-api/3.20.6/camel-management-api-3.20.6.jar:/home/1team009/.m2/repository/org/apache/camel/camel-util/3.20.6/camel-util-3.20.6.jar:/home/1team009/.m2/repository/org/slf4j/slf4j-api/1.7.36/slf4j-api-1.7.36.jar:/home/1team009/.m2/repository/org/quartz-scheduler/quartz/2.3.2/quartz-2.3.2.jar:/home/1team009/.m2/repository/com/mchange/mchange-commons-java/0.2.15/mchange-commons-java-0.2.15.jar:/home/1team009/.m2/repository/com/mchange/c3p0/0.9.5.5/c3p0-0.9.5.5.jar:/home/1team009/.m2/repository/org/apache/camel/springboot/camel-scheduler-starter/3.20.6/camel-scheduler-starter-3.20.6.jar:/home/1team009/.m2/repository/org/springframework/boot/spring-boot-starter/2.7.15/spring-boot-starter-2.7.15.jar:/home/1team009/.m2/repository/org/springframework/boot/spring-boot-starter-logging/2.7.15/spring-boot-starter-logging-2.7.15.jar:/home/1team009/.m2/repository/ch/qos/logback/logback-classic/1.2.12/logback-classic-1.2.12.jar:/home/1team009/.m2/repository/ch/qos/logback/logback-core/1.2.12/logback-core-1.2.12.jar:/home/1team009/.m2/repository/org/apache/logging/log4j/log4j-to-slf4j/2.17.2/log4j-to-slf4j-2.17.2.jar:/home/1team009/.m2/repository/org/apache/logging/log4j/log4j-api/2.17.2/log4j-api-2.17.2.jar:/home/1team009/.m2/repository/org/slf4j/jul-to-slf4j/1.7.36/jul-to-slf4j-1.7.36.jar:/home/1team009/.m2/repository/jakarta/annotation/jakarta.annotation-api/1.3.5/jakarta.annotation-api-1.3.5.jar:/home/1team009/.m2/repository/org/yaml/snakeyaml/1.30/snakeyaml-1.30.jar:/home/1team009/.m2/repository/org/apache/camel/camel-scheduler/3.20.6/camel-scheduler-3.20.6.jar:/home/1team009/.m2/repository/org/apache/camel/springboot/camel-core-starter/3.20.6/camel-core-starter-3.20.6.jar:/home/1team009/.m2/repository/org/apache/camel/camel-core-engine/3.20.6/camel-core-engine-3.20.6.jar:/home/1team009/.m2/repository/org/apache/camel/camel-base-engine/3.20.6/camel-base-engine-3.20.6.jar:/home/1team009/.m2/repository/org/apache/camel/camel-base/3.20.6/camel-base-3.20.6.jar:/home/1team009/.m2/repository/org/apache/camel/camel-core-reifier/3.20.6/camel-core-reifier-3.20.6.jar:/home/1team009/.m2/repository/org/apache/camel/camel-core-processor/3.20.6/camel-core-processor-3.20.6.jar:/home/1team009/.m2/repository/org/apache/camel/camel-stream/3.20.6/camel-stream-3.20.6.jar:/home/1team009/.m2/repository/org/springframework/boot/spring-boot-starter-actuator/2.7.15/spring-boot-starter-actuator-2.7.15.jar:/home/1team009/.m2/repository/org/springframework/boot/spring-boot-actuator-autoconfigure/2.7.15/spring-boot-actuator-autoconfigure-2.7.15.jar:/home/1team009/.m2/repository/org/springframework/boot/spring-boot-actuator/2.7.15/spring-boot-actuator-2.7.15.jar:/home/1team009/.m2/repository/com/fasterxml/jackson/core/jackson-databind/2.13.5/jackson-databind-2.13.5.jar:/home/1team009/.m2/repository/com/fasterxml/jackson/core/jackson-annotations/2.13.5/jackson-annotations-2.13.5.jar:/home/1team009/.m2/repository/com/fasterxml/jackson/core/jackson-core/2.13.5/jackson-core-2.13.5.jar:/home/1team009/.m2/repository/com/fasterxml/jackson/datatype/jackson-datatype-jsr310/2.13.5/jackson-datatype-jsr310-2.13.5.jar:/home/1team009/.m2/repository/io/micrometer/micrometer-core/1.9.14/micrometer-core-1.9.14.jar:/home/1team009/.m2/repository/org/hdrhistogram/HdrHistogram/2.1.12/HdrHistogram-2.1.12.jar:/home/1team009/.m2/repository/org/latencyutils/LatencyUtils/2.0.3/LatencyUtils-2.0.3.jar:/home/1team009/.m2/repository/org/springframework/boot/spring-boot-starter-web/2.7.15/spring-boot-starter-web-2.7.15.jar:/home/1team009/.m2/repository/org/springframework/boot/spring-boot-starter-json/2.7.15/spring-boot-starter-json-2.7.15.jar:/home/1team009/.m2/repository/com/fasterxml/jackson/datatype/jackson-datatype-jdk8/2.13.5/jackson-datatype-jdk8-2.13.5.jar:/home/1team009/.m2/repository/com/fasterxml/jackson/module/jackson-module-parameter-names/2.13.5/jackson-module-parameter-names-2.13.5.jar:/home/1team009/.m2/repository/org/springframework/boot/spring-boot-starter-tomcat/2.7.15/spring-boot-starter-tomcat-2.7.15.jar:/home/1team009/.m2/repository/org/apache/tomcat/embed/tomcat-embed-core/9.0.79/tomcat-embed-core-9.0.79.jar:/home/1team009/.m2/repository/org/apache/tomcat/embed/tomcat-embed-el/9.0.79/tomcat-embed-el-9.0.79.jar:/home/1team009/.m2/repository/org/apache/tomcat/embed/tomcat-embed-websocket/9.0.79/tomcat-embed-websocket-9.0.79.jar:/home/1team009/.m2/repository/org/springframework/spring-web/5.3.29/spring-web-5.3.29.jar:/home/1team009/.m2/repository/org/springframework/spring-beans/5.3.29/spring-beans-5.3.29.jar:/home/1team009/.m2/repository/org/springframework/spring-webmvc/5.3.29/spring-webmvc-5.3.29.jar:/home/1team009/.m2/repository/org/springframework/spring-aop/5.3.29/spring-aop-5.3.29.jar:/home/1team009/.m2/repository/org/springframework/spring-context/5.3.29/spring-context-5.3.29.jar:/home/1team009/.m2/repository/org/springframework/spring-expression/5.3.29/spring-expression-5.3.29.jar:/home/1team009/.m2/repository/org/apache/camel/springboot/camel-spring-boot-starter/3.20.6/camel-spring-boot-starter-3.20.6.jar:/home/1team009/.m2/repository/org/apache/camel/springboot/camel-spring-boot/3.20.6/camel-spring-boot-3.20.6.jar:/home/1team009/.m2/repository/org/apache/camel/camel-spring/3.20.6/camel-spring-3.20.6.jar:/home/1team009/.m2/repository/org/apache/camel/camel-spring-main/3.20.6/camel-spring-main-3.20.6.jar:/home/1team009/.m2/repository/org/apache/camel/camel-main/3.20.6/camel-main-3.20.6.jar:/home/1team009/.m2/repository/org/apache/camel/camel-core-languages/3.20.6/camel-core-languages-3.20.6.jar:/home/1team009/.m2/repository/org/apache/camel/camel-util-json/3.20.6/camel-util-json-3.20.6.jar:/home/1team009/.m2/repository/org/apache/camel/camel-xml-jaxb-dsl/3.20.6/camel-xml-jaxb-dsl-3.20.6.jar:/home/1team009/.m2/repository/org/apache/camel/camel-xml-jaxb/3.20.6/camel-xml-jaxb-3.20.6.jar:/home/1team009/.m2/repository/com/sun/xml/bind/jaxb-core/2.3.0/jaxb-core-2.3.0.jar:/home/1team009/.m2/repository/com/sun/xml/bind/jaxb-impl/2.3.3/jaxb-impl-2.3.3.jar:/home/1team009/.m2/repository/com/sun/activation/jakarta.activation/1.2.2/jakarta.activation-1.2.2.jar:/home/1team009/.m2/repository/org/apache/camel/camel-dsl-support/3.20.6/camel-dsl-support-3.20.6.jar:/home/1team009/.m2/repository/org/apache/camel/camel-spring-xml/3.20.6/camel-spring-xml-3.20.6.jar:/home/1team009/.m2/repository/org/apache/camel/camel-core-xml/3.20.6/camel-core-xml-3.20.6.jar:/home/1team009/.m2/repository/javax/annotation/javax.annotation-api/1.3.2/javax.annotation-api-1.3.2.jar:/home/1team009/.m2/repository/org/apache/camel/camel-cloud/3.20.6/camel-cloud-3.20.6.jar:/home/1team009/.m2/repository/org/apache/camel/camel-core-model/3.20.6/camel-core-model-3.20.6.jar:/home/1team009/.m2/repository/org/apache/camel/camel-cluster/3.20.6/camel-cluster-3.20.6.jar:/home/1team009/.m2/repository/org/apache/camel/camel-health/3.20.6/camel-health-3.20.6.jar:/home/1team009/.m2/repository/org/apache/camel/springboot/camel-bean-starter/3.20.6/camel-bean-starter-3.20.6.jar:/home/1team009/.m2/repository/org/apache/camel/camel-bean/3.20.6/camel-bean-3.20.6.jar:/home/1team009/.m2/repository/org/apache/camel/springboot/camel-browse-starter/3.20.6/camel-browse-starter-3.20.6.jar:/home/1team009/.m2/repository/org/apache/camel/camel-browse/3.20.6/camel-browse-3.20.6.jar:/home/1team009/.m2/repository/org/apache/camel/springboot/camel-controlbus-starter/3.20.6/camel-controlbus-starter-3.20.6.jar:/home/1team009/.m2/repository/org/apache/camel/camel-controlbus/3.20.6/camel-controlbus-3.20.6.jar:/home/1team009/.m2/repository/org/apache/camel/springboot/camel-dataformat-starter/3.20.6/camel-dataformat-starter-3.20.6.jar:/home/1team009/.m2/repository/org/apache/camel/camel-dataformat/3.20.6/camel-dataformat-3.20.6.jar:/home/1team009/.m2/repository/org/apache/camel/springboot/camel-dataset-starter/3.20.6/camel-dataset-starter-3.20.6.jar:/home/1team009/.m2/repository/org/apache/camel/camel-dataset/3.20.6/camel-dataset-3.20.6.jar:/home/1team009/.m2/repository/org/apache/camel/springboot/camel-direct-starter/3.20.6/camel-direct-starter-3.20.6.jar:/home/1team009/.m2/repository/org/apache/camel/camel-direct/3.20.6/camel-direct-3.20.6.jar:/home/1team009/.m2/repository/org/apache/camel/springboot/camel-directvm-starter/3.20.6/camel-directvm-starter-3.20.6.jar:/home/1team009/.m2/repository/org/apache/camel/camel-directvm/3.20.6/camel-directvm-3.20.6.jar:/home/1team009/.m2/repository/org/apache/camel/springboot/camel-file-starter/3.20.6/camel-file-starter-3.20.6.jar:/home/1team009/.m2/repository/org/apache/camel/camel-file/3.20.6/camel-file-3.20.6.jar:/home/1team009/.m2/repository/org/apache/camel/springboot/camel-language-starter/3.20.6/camel-language-starter-3.20.6.jar:/home/1team009/.m2/repository/org/apache/camel/camel-language/3.20.6/camel-language-3.20.6.jar:/home/1team009/.m2/repository/org/apache/camel/springboot/camel-log-starter/3.20.6/camel-log-starter-3.20.6.jar:/home/1team009/.m2/repository/org/apache/camel/camel-log/3.20.6/camel-log-3.20.6.jar:/home/1team009/.m2/repository/org/apache/camel/springboot/camel-mock-starter/3.20.6/camel-mock-starter-3.20.6.jar:/home/1team009/.m2/repository/org/apache/camel/camel-mock/3.20.6/camel-mock-3.20.6.jar:/home/1team009/.m2/repository/org/apache/camel/springboot/camel-ref-starter/3.20.6/camel-ref-starter-3.20.6.jar:/home/1team009/.m2/repository/org/apache/camel/camel-ref/3.20.6/camel-ref-3.20.6.jar:/home/1team009/.m2/repository/org/apache/camel/springboot/camel-rest-starter/3.20.6/camel-rest-starter-3.20.6.jar:/home/1team009/.m2/repository/org/apache/camel/camel-rest/3.20.6/camel-rest-3.20.6.jar:/home/1team009/.m2/repository/org/apache/camel/camel-tooling-model/3.20.6/camel-tooling-model-3.20.6.jar:/home/1team009/.m2/repository/org/apache/camel/springboot/camel-saga-starter/3.20.6/camel-saga-starter-3.20.6.jar:/home/1team009/.m2/repository/org/apache/camel/camel-saga/3.20.6/camel-saga-3.20.6.jar:/home/1team009/.m2/repository/org/apache/camel/springboot/camel-seda-starter/3.20.6/camel-seda-starter-3.20.6.jar:/home/1team009/.m2/repository/org/apache/camel/camel-seda/3.20.6/camel-seda-3.20.6.jar:/home/1team009/.m2/repository/org/apache/camel/springboot/camel-stub-starter/3.20.6/camel-stub-starter-3.20.6.jar:/home/1team009/.m2/repository/org/apache/camel/camel-stub/3.20.6/camel-stub-3.20.6.jar:/home/1team009/.m2/repository/org/apache/camel/springboot/camel-timer-starter/3.20.6/camel-timer-starter-3.20.6.jar:/home/1team009/.m2/repository/org/apache/camel/camel-timer/3.20.6/camel-timer-3.20.6.jar:/home/1team009/.m2/repository/org/apache/camel/springboot/camel-validator-starter/3.20.6/camel-validator-starter-3.20.6.jar:/home/1team009/.m2/repository/org/apache/camel/camel-validator/3.20.6/camel-validator-3.20.6.jar:/home/1team009/.m2/repository/org/apache/camel/springboot/camel-vm-starter/3.20.6/camel-vm-starter-3.20.6.jar:/home/1team009/.m2/repository/org/apache/camel/camel-vm/3.20.6/camel-vm-3.20.6.jar:/home/1team009/.m2/repository/org/apache/camel/springboot/camel-xpath-starter/3.20.6/camel-xpath-starter-3.20.6.jar:/home/1team009/.m2/repository/org/apache/camel/camel-xpath/3.20.6/camel-xpath-3.20.6.jar:/home/1team009/.m2/repository/org/apache/camel/springboot/camel-xslt-starter/3.20.6/camel-xslt-starter-3.20.6.jar:/home/1team009/.m2/repository/org/apache/camel/camel-xslt/3.20.6/camel-xslt-3.20.6.jar:/home/1team009/.m2/repository/org/apache/camel/springboot/camel-xml-jaxp-starter/3.20.6/camel-xml-jaxp-starter-3.20.6.jar:/home/1team009/.m2/repository/org/apache/camel/camel-xml-jaxp/3.20.6/camel-xml-jaxp-3.20.6.jar:/home/1team009/.m2/repository/org/apache/camel/camel-xml-io-util/3.20.6/camel-xml-io-util-3.20.6.jar:/home/1team009/.m2/repository/org/apache/camel/springboot/camel-activemq-starter/3.20.6/camel-activemq-starter-3.20.6.jar:/home/1team009/.m2/repository/org/apache/camel/camel-activemq/3.20.6/camel-activemq-3.20.6.jar:/home/1team009/.m2/repository/org/apache/geronimo/specs/geronimo-jms_1.1_spec/1.1.1/geronimo-jms_1.1_spec-1.1.1.jar:/home/1team009/.m2/repository/org/apache/activemq/activemq-spring/5.16.6/activemq-spring-5.16.6.jar:/home/1team009/.m2/repository/org/apache/xbean/xbean-spring/4.22/xbean-spring-4.22.jar:/home/1team009/.m2/repository/org/apache/activemq/activemq-broker/5.16.6/activemq-broker-5.16.6.jar:/home/1team009/.m2/repository/org/apache/activemq/activemq-openwire-legacy/5.16.6/activemq-openwire-legacy-5.16.6.jar:/home/1team009/.m2/repository/org/apache/geronimo/specs/geronimo-jta_1.1_spec/1.1.1/geronimo-jta_1.1_spec-1.1.1.jar:/home/1team009/.m2/repository/org/apache/commons/commons-pool2/2.11.1/commons-pool2-2.11.1.jar:/home/1team009/.m2/repository/org/apache/activemq/activemq-pool/5.16.6/activemq-pool-5.16.6.jar:/home/1team009/.m2/repository/org/apache/activemq/activemq-jms-pool/5.16.6/activemq-jms-pool-5.16.6.jar:/home/1team009/.m2/repository/org/apache/activemq/activemq-client/5.16.6/activemq-client-5.16.6.jar:/home/1team009/.m2/repository/org/fusesource/hawtbuf/hawtbuf/1.11/hawtbuf-1.11.jar:/home/1team009/.m2/repository/org/apache/geronimo/specs/geronimo-j2ee-management_1.1_spec/1.0.1/geronimo-j2ee-management_1.1_spec-1.0.1.jar:/home/1team009/.m2/repository/org/apache/camel/camel-jms/3.20.6/camel-jms-3.20.6.jar:/home/1team009/.m2/repository/org/springframework/spring-jms/5.3.29/spring-jms-5.3.29.jar:/home/1team009/.m2/repository/org/springframework/spring-messaging/5.3.29/spring-messaging-5.3.29.jar:/home/1team009/.m2/repository/org/springframework/spring-tx/5.3.29/spring-tx-5.3.29.jar:/home/1team009/.m2/repository/org/apache/geronimo/specs/geronimo-jms_2.0_spec/1.0-alpha-2/geronimo-jms_2.0_spec-1.0-alpha-2.jar:/home/1team009/.m2/repository/org/springframework/boot/spring-boot-devtools/2.7.15/spring-boot-devtools-2.7.15.jar:/home/1team009/.m2/repository/org/springframework/boot/spring-boot/2.7.15/spring-boot-2.7.15.jar:/home/1team009/.m2/repository/org/springframework/boot/spring-boot-autoconfigure/2.7.15/spring-boot-autoconfigure-2.7.15.jar:/home/1team009/.m2/repository/org/springframework/boot/spring-boot-starter-test/2.7.15/spring-boot-starter-test-2.7.15.jar:/home/1team009/.m2/repository/org/springframework/boot/spring-boot-test/2.7.15/spring-boot-test-2.7.15.jar:/home/1team009/.m2/repository/org/springframework/boot/spring-boot-test-autoconfigure/2.7.15/spring-boot-test-autoconfigure-2.7.15.jar:/home/1team009/.m2/repository/com/jayway/jsonpath/json-path/2.7.0/json-path-2.7.0.jar:/home/1team009/.m2/repository/net/minidev/json-smart/2.4.11/json-smart-2.4.11.jar:/home/1team009/.m2/repository/net/minidev/accessors-smart/2.4.11/accessors-smart-2.4.11.jar:/home/1team009/.m2/repository/org/ow2/asm/asm/9.3/asm-9.3.jar:/home/1team009/.m2/repository/jakarta/xml/bind/jakarta.xml.bind-api/2.3.3/jakarta.xml.bind-api-2.3.3.jar:/home/1team009/.m2/repository/jakarta/activation/jakarta.activation-api/1.2.2/jakarta.activation-api-1.2.2.jar:/home/1team009/.m2/repository/org/assertj/assertj-core/3.22.0/assertj-core-3.22.0.jar:/home/1team009/.m2/repository/org/hamcrest/hamcrest/2.2/hamcrest-2.2.jar:/home/1team009/.m2/repository/org/junit/jupiter/junit-jupiter/5.8.2/junit-jupiter-5.8.2.jar:/home/1team009/.m2/repository/org/junit/jupiter/junit-jupiter-api/5.8.2/junit-jupiter-api-5.8.2.jar:/home/1team009/.m2/repository/org/opentest4j/opentest4j/1.2.0/opentest4j-1.2.0.jar:/home/1team009/.m2/repository/org/junit/platform/junit-platform-commons/1.8.2/junit-platform-commons-1.8.2.jar:/home/1team009/.m2/repository/org/apiguardian/apiguardian-api/1.1.2/apiguardian-api-1.1.2.jar:/home/1team009/.m2/repository/org/junit/jupiter/junit-jupiter-params/5.8.2/junit-jupiter-params-5.8.2.jar:/home/1team009/.m2/repository/org/junit/jupiter/junit-jupiter-engine/5.8.2/junit-jupiter-engine-5.8.2.jar:/home/1team009/.m2/repository/org/junit/platform/junit-platform-engine/1.8.2/junit-platform-engine-1.8.2.jar:/home/1team009/.m2/repository/org/mockito/mockito-core/4.5.1/mockito-core-4.5.1.jar:/home/1team009/.m2/repository/net/bytebuddy/byte-buddy/1.12.23/byte-buddy-1.12.23.jar:/home/1team009/.m2/repository/net/bytebuddy/byte-buddy-agent/1.12.23/byte-buddy-agent-1.12.23.jar:/home/1team009/.m2/repository/org/objenesis/objenesis/3.2/objenesis-3.2.jar:/home/1team009/.m2/repository/org/mockito/mockito-junit-jupiter/4.5.1/mockito-junit-jupiter-4.5.1.jar:/home/1team009/.m2/repository/org/skyscreamer/jsonassert/1.5.1/jsonassert-1.5.1.jar:/home/1team009/.m2/repository/com/vaadin/external/google/android-json/0.0.20131108.vaadin1/android-json-0.0.20131108.vaadin1.jar:/home/1team009/.m2/repository/org/springframework/spring-core/5.3.29/spring-core-5.3.29.jar:/home/1team009/.m2/repository/org/springframework/spring-jcl/5.3.29/spring-jcl-5.3.29.jar:/home/1team009/.m2/repository/org/springframework/spring-test/5.3.29/spring-test-5.3.29.jar:/home/1team009/.m2/repository/org/xmlunit/xmlunit-core/2.9.1/xmlunit-core-2.9.1.jar:"/>
    <property name="sun.cpu.endian" value="little"/>
    <property name="user.home" value="/home/1team009"/>
    <property name="user.language" value="en"/>
    <property name="java.specification.vendor" value="Oracle Corporation"/>
    <property name="java.version.date" value="2023-08-24"/>
    <property name="java.home" value="/usr/lib/jvm/java-11-openjdk-amd64"/>
    <property name="file.separator" value="/"/>
    <property name="basedir" value="/home/1team009/Desktop/practice/camel-microservice-a"/>
    <property name="java.vm.compressedOopsMode" value="Zero based"/>
    <property name="line.separator" value="&#10;"/>
    <property name="java.specification.name" value="Java Platform API Specification"/>
    <property name="java.vm.specification.vendor" value="Oracle Corporation"/>
    <property name="java.awt.graphicsenv" value="sun.awt.X11GraphicsEnvironment"/>
    <property name="surefire.real.class.path" value="/home/1team009/Desktop/practice/camel-microservice-a/target/surefire/surefirebooter15411457908825263790.jar"/>
    <property name="sun.management.compiler" value="HotSpot 64-Bit Tiered Compilers"/>
    <property name="java.runtime.version" value="11.0.20.1+1-post-Ubuntu-0ubuntu120.04"/>
    <property name="user.name" value="1team009"/>
    <property name="path.separator" value=":"/>
    <property name="os.version" value="5.15.0-84-generic"/>
    <property name="java.runtime.name" value="OpenJDK Runtime Environment"/>
    <property name="file.encoding" value="UTF-8"/>
    <property name="java.vm.name" value="OpenJDK 64-Bit Server VM"/>
    <property name="localRepository" value="/home/1team009/.m2/repository"/>
    <property name="java.vendor.url.bug" value="https://bugs.launchpad.net/ubuntu/+source/openjdk-lts"/>
    <property name="java.io.tmpdir" value="/tmp"/>
    <property name="java.version" value="11.0.20.1"/>
    <property name="user.dir" value="/home/1team009/Desktop/practice/camel-microservice-a"/>
    <property name="os.arch" value="amd64"/>
    <property name="java.vm.specification.name" value="Java Virtual Machine Specification"/>
    <property name="java.awt.printerjob" value="sun.print.PSPrinterJob"/>
    <property name="sun.os.patch.level" value="unknown"/>
    <property name="java.library.path" value="/usr/java/packages/lib:/usr/lib/x86_64-linux-gnu/jni:/lib/x86_64-linux-gnu:/usr/lib/x86_64-linux-gnu:/usr/lib/jni:/lib:/usr/lib"/>
    <property name="java.vm.info" value="mixed mode, sharing"/>
    <property name="java.vendor" value="Ubuntu"/>
    <property name="java.vm.version" value="11.0.20.1+1-post-Ubuntu-0ubuntu120.04"/>
    <property name="java.specification.maintenance.version" value="2"/>
    <property name="sun.io.unicode.encoding" value="UnicodeLittle"/>
    <property name="java.class.version" value="55.0"/>
  </properties>
  <testcase name="contextLoads" classname="com.example.camelmicroservicea.CamelMicroserviceAApplicationTests" time="0.002">
    <error message="Failed to load ApplicationContext" type="java.lang.IllegalStateException">java.lang.IllegalStateException: Failed to load ApplicationContext
Caused by: org.apache.camel.FailedToCreateRouteException: Failed to create route route3: Route(route3)[From[schedule:myScheduledRoute1?delay=5000] ->... because of No endpoint could be found for: schedule://myScheduledRoute1?delay=5000, please check your classpath contains the needed Camel component jar.
Caused by: org.apache.camel.NoSuchEndpointException: No endpoint could be found for: schedule://myScheduledRoute1?delay=5000, please check your classpath contains the needed Camel component jar.
</error>
    <system-out><![CDATA[16:27:20.389 [main] DEBUG org.springframework.test.context.BootstrapUtils - Instantiating CacheAwareContextLoaderDelegate from class [org.springframework.test.context.cache.DefaultCacheAwareContextLoaderDelegate]
16:27:20.415 [main] DEBUG org.springframework.test.context.BootstrapUtils - Instantiating BootstrapContext using constructor [public org.springframework.test.context.support.DefaultBootstrapContext(java.lang.Class,org.springframework.test.context.CacheAwareContextLoaderDelegate)]
16:27:20.534 [main] DEBUG org.springframework.test.context.BootstrapUtils - Instantiating TestContextBootstrapper for test class [com.example.camelmicroservicea.CamelMicroserviceAApplicationTests] from class [org.springframework.boot.test.context.SpringBootTestContextBootstrapper]
16:27:20.574 [main] INFO org.springframework.boot.test.context.SpringBootTestContextBootstrapper - Neither @ContextConfiguration nor @ContextHierarchy found for test class [com.example.camelmicroservicea.CamelMicroserviceAApplicationTests], using SpringBootContextLoader
16:27:20.611 [main] DEBUG org.springframework.test.context.support.AbstractContextLoader - Did not detect default resource location for test class [com.example.camelmicroservicea.CamelMicroserviceAApplicationTests]: class path resource [com/example/camelmicroservicea/CamelMicroserviceAApplicationTests-context.xml] does not exist
16:27:20.620 [main] DEBUG org.springframework.test.context.support.AbstractContextLoader - Did not detect default resource location for test class [com.example.camelmicroservicea.CamelMicroserviceAApplicationTests]: class path resource [com/example/camelmicroservicea/CamelMicroserviceAApplicationTestsContext.groovy] does not exist
16:27:20.624 [main] INFO org.springframework.test.context.support.AbstractContextLoader - Could not detect default resource locations for test class [com.example.camelmicroservicea.CamelMicroserviceAApplicationTests]: no resource found for suffixes {-context.xml, Context.groovy}.
16:27:20.629 [main] INFO org.springframework.test.context.support.AnnotationConfigContextLoaderUtils - Could not detect default configuration classes for test class [com.example.camelmicroservicea.CamelMicroserviceAApplicationTests]: CamelMicroserviceAApplicationTests does not declare any static, non-private, non-final, nested classes annotated with @Configuration.
16:27:20.863 [main] DEBUG org.springframework.test.context.support.ActiveProfilesUtils - Could not find an 'annotation declaring class' for annotation type [org.springframework.test.context.ActiveProfiles] and class [com.example.camelmicroservicea.CamelMicroserviceAApplicationTests]
16:27:21.028 [main] DEBUG org.springframework.context.annotation.ClassPathScanningCandidateComponentProvider - Identified candidate component class: file [/home/1team009/Desktop/practice/camel-microservice-a/target/classes/com/example/camelmicroservicea/CamelMicroserviceAApplication.class]
16:27:21.032 [main] INFO org.springframework.boot.test.context.SpringBootTestContextBootstrapper - Found @SpringBootConfiguration com.example.camelmicroservicea.CamelMicroserviceAApplication for test class com.example.camelmicroservicea.CamelMicroserviceAApplicationTests
16:27:21.294 [main] DEBUG org.springframework.boot.test.context.SpringBootTestContextBootstrapper - @TestExecutionListeners is not present for class [com.example.camelmicroservicea.CamelMicroserviceAApplicationTests]: using defaults.
16:27:21.296 [main] INFO org.springframework.boot.test.context.SpringBootTestContextBootstrapper - Loaded default TestExecutionListener class names from location [META-INF/spring.factories]: [org.springframework.boot.test.mock.mockito.MockitoTestExecutionListener, org.springframework.boot.test.mock.mockito.ResetMocksTestExecutionListener, org.springframework.boot.test.autoconfigure.restdocs.RestDocsTestExecutionListener, org.springframework.boot.test.autoconfigure.web.client.MockRestServiceServerResetTestExecutionListener, org.springframework.boot.test.autoconfigure.web.servlet.MockMvcPrintOnlyOnFailureTestExecutionListener, org.springframework.boot.test.autoconfigure.web.servlet.WebDriverTestExecutionListener, org.springframework.boot.test.autoconfigure.webservices.client.MockWebServiceServerTestExecutionListener, org.springframework.test.context.web.ServletTestExecutionListener, org.springframework.test.context.support.DirtiesContextBeforeModesTestExecutionListener, org.springframework.test.context.event.ApplicationEventsTestExecutionListener, org.springframework.test.context.support.DependencyInjectionTestExecutionListener, org.springframework.test.context.support.DirtiesContextTestExecutionListener, org.springframework.test.context.transaction.TransactionalTestExecutionListener, org.springframework.test.context.jdbc.SqlScriptsTestExecutionListener, org.springframework.test.context.event.EventPublishingTestExecutionListener]
16:27:21.364 [main] INFO org.springframework.boot.test.context.SpringBootTestContextBootstrapper - Using TestExecutionListeners: [org.springframework.test.context.web.ServletTestExecutionListener@673be18f, org.springframework.test.context.support.DirtiesContextBeforeModesTestExecutionListener@6581dc0a, org.springframework.test.context.event.ApplicationEventsTestExecutionListener@39de3d36, org.springframework.boot.test.mock.mockito.MockitoTestExecutionListener@6ce86ce1, org.springframework.boot.test.autoconfigure.SpringBootDependencyInjectionTestExecutionListener@54e7df6a, org.springframework.test.context.support.DirtiesContextTestExecutionListener@3fed2870, org.springframework.test.context.transaction.TransactionalTestExecutionListener@77128536, org.springframework.test.context.jdbc.SqlScriptsTestExecutionListener@58326051, org.springframework.test.context.event.EventPublishingTestExecutionListener@32c4e8b2, org.springframework.boot.test.mock.mockito.ResetMocksTestExecutionListener@64bce832, org.springframework.boot.test.autoconfigure.restdocs.RestDocsTestExecutionListener@764faa6, org.springframework.boot.test.autoconfigure.web.client.MockRestServiceServerResetTestExecutionListener@4c1f22f3, org.springframework.boot.test.autoconfigure.web.servlet.MockMvcPrintOnlyOnFailureTestExecutionListener@598bd2ba, org.springframework.boot.test.autoconfigure.web.servlet.WebDriverTestExecutionListener@5a755cc1, org.springframework.boot.test.autoconfigure.webservices.client.MockWebServiceServerTestExecutionListener@7ae42ce3]
16:27:21.379 [main] DEBUG org.springframework.test.context.support.AbstractDirtiesContextTestExecutionListener - Before test class: context [DefaultTestContext@58be6e8 testClass = CamelMicroserviceAApplicationTests, testInstance = [null], testMethod = [null], testException = [null], mergedContextConfiguration = [WebMergedContextConfiguration@7331196b testClass = CamelMicroserviceAApplicationTests, locations = '{}', classes = '{class com.example.camelmicroservicea.CamelMicroserviceAApplication}', contextInitializerClasses = '[]', activeProfiles = '{}', propertySourceLocations = '{}', propertySourceProperties = '{org.springframework.boot.test.context.SpringBootTestContextBootstrapper=true}', contextCustomizers = set[org.springframework.boot.test.context.filter.ExcludeFilterContextCustomizer@12aba8be, org.springframework.boot.test.json.DuplicateJsonObjectContextCustomizerFactory$DuplicateJsonObjectContextCustomizer@71a8adcf, org.springframework.boot.test.mock.mockito.MockitoContextCustomizer@0, org.springframework.boot.test.web.client.TestRestTemplateContextCustomizer@13fd2ccd, org.springframework.boot.test.autoconfigure.actuate.metrics.MetricsExportContextCustomizerFactory$DisableMetricExportContextCustomizer@272113c4, org.springframework.boot.test.autoconfigure.properties.PropertyMappingContextCustomizer@0, org.springframework.boot.test.autoconfigure.web.servlet.WebDriverContextCustomizerFactory$Customizer@229c6181, org.springframework.boot.test.context.SpringBootTestArgs@1, org.springframework.boot.test.context.SpringBootTestWebEnvironment@4d3167f4], resourceBasePath = 'src/main/webapp', contextLoader = 'org.springframework.boot.test.context.SpringBootContextLoader', parent = [null]], attributes = map['org.springframework.test.context.web.ServletTestExecutionListener.activateListener' -> true]], class annotated with @DirtiesContext [false] with mode [null].

  .   ____          _            __ _ _
 /\\ / ___'_ __ _ _(_)_ __  __ _ \ \ \ \
( ( )\___ | '_ | '_| | '_ \/ _` | \ \ \ \
 \\/  ___)| |_)| | | | | || (_| |  ) ) ) )
  '  |____| .__|_| |_|_| |_\__, | / / / /
 =========|_|==============|___/=/_/_/_/
 :: Spring Boot ::               (v2.7.15)

2023-09-29 16:27:22.643  INFO 115873 --- [           main] c.e.c.CamelMicroserviceAApplicationTests : Starting CamelMicroserviceAApplicationTests using Java 11.0.20.1 on mongodb-HP-ProBook-640-G2 with PID 115873 (started by 1team009 in /home/1team009/Desktop/practice/camel-microservice-a)
2023-09-29 16:27:22.645  INFO 115873 --- [           main] c.e.c.CamelMicroserviceAApplicationTests : No active profile set, falling back to 1 default profile: "default"
2023-09-29 16:27:31.497  INFO 115873 --- [           main] o.s.b.a.e.web.EndpointLinksResolver      : Exposing 1 endpoint(s) beneath base path '/actuator'
2023-09-29 16:27:32.824  INFO 115873 --- [           main] ConditionEvaluationReportLoggingListener : 

Error starting ApplicationContext. To display the conditions report re-run your application with 'debug' enabled.
2023-09-29 16:27:32.895 ERROR 115873 --- [           main] o.s.boot.SpringApplication               : Application run failed

org.apache.camel.FailedToCreateRouteException: Failed to create route route3: Route(route3)[From[schedule:myScheduledRoute1?delay=5000] ->... because of No endpoint could be found for: schedule://myScheduledRoute1?delay=5000, please check your classpath contains the needed Camel component jar.
	at org.apache.camel.reifier.RouteReifier.createRoute(RouteReifier.java:81) ~[camel-core-reifier-3.20.6.jar:3.20.6]
	at org.apache.camel.impl.DefaultModelReifierFactory.createRoute(DefaultModelReifierFactory.java:49) ~[camel-core-engine-3.20.6.jar:3.20.6]
	at org.apache.camel.impl.DefaultCamelContext.startRouteDefinitions(DefaultCamelContext.java:937) ~[camel-core-engine-3.20.6.jar:3.20.6]
	at org.apache.camel.impl.DefaultCamelContext.startRouteDefinitions(DefaultCamelContext.java:800) ~[camel-core-engine-3.20.6.jar:3.20.6]
	at org.apache.camel.impl.engine.AbstractCamelContext.doInit(AbstractCamelContext.java:3017) ~[camel-base-engine-3.20.6.jar:3.20.6]
	at org.apache.camel.support.service.BaseService.init(BaseService.java:83) ~[camel-api-3.20.6.jar:3.20.6]
	at org.apache.camel.impl.engine.AbstractCamelContext.init(AbstractCamelContext.java:2688) ~[camel-base-engine-3.20.6.jar:3.20.6]
	at org.apache.camel.support.service.BaseService.start(BaseService.java:111) ~[camel-api-3.20.6.jar:3.20.6]
	at org.apache.camel.impl.engine.AbstractCamelContext.start(AbstractCamelContext.java:2707) ~[camel-base-engine-3.20.6.jar:3.20.6]
	at org.apache.camel.impl.DefaultCamelContext.start(DefaultCamelContext.java:262) ~[camel-core-engine-3.20.6.jar:3.20.6]
	at org.apache.camel.spring.SpringCamelContext.start(SpringCamelContext.java:119) ~[camel-spring-3.20.6.jar:3.20.6]
	at org.apache.camel.spring.SpringCamelContext.onApplicationEvent(SpringCamelContext.java:151) ~[camel-spring-3.20.6.jar:3.20.6]
	at org.springframework.context.event.SimpleApplicationEventMulticaster.doInvokeListener(SimpleApplicationEventMulticaster.java:176) ~[spring-context-5.3.29.jar:5.3.29]
	at org.springframework.context.event.SimpleApplicationEventMulticaster.invokeListener(SimpleApplicationEventMulticaster.java:169) ~[spring-context-5.3.29.jar:5.3.29]
	at org.springframework.context.event.SimpleApplicationEventMulticaster.multicastEvent(SimpleApplicationEventMulticaster.java:143) ~[spring-context-5.3.29.jar:5.3.29]
	at org.springframework.context.support.AbstractApplicationContext.publishEvent(AbstractApplicationContext.java:421) ~[spring-context-5.3.29.jar:5.3.29]
	at org.springframework.context.support.AbstractApplicationContext.publishEvent(AbstractApplicationContext.java:378) ~[spring-context-5.3.29.jar:5.3.29]
	at org.springframework.context.support.AbstractApplicationContext.finishRefresh(AbstractApplicationContext.java:941) ~[spring-context-5.3.29.jar:5.3.29]
	at org.springframework.context.support.AbstractApplicationContext.refresh(AbstractApplicationContext.java:586) ~[spring-context-5.3.29.jar:5.3.29]
	at org.springframework.boot.SpringApplication.refresh(SpringApplication.java:731) ~[spring-boot-2.7.15.jar:2.7.15]
	at org.springframework.boot.SpringApplication.refreshContext(SpringApplication.java:408) ~[spring-boot-2.7.15.jar:2.7.15]
	at org.springframework.boot.SpringApplication.run(SpringApplication.java:307) ~[spring-boot-2.7.15.jar:2.7.15]
	at org.springframework.boot.test.context.SpringBootContextLoader.loadContext(SpringBootContextLoader.java:136) ~[spring-boot-test-2.7.15.jar:2.7.15]
	at org.springframework.test.context.cache.DefaultCacheAwareContextLoaderDelegate.loadContextInternal(DefaultCacheAwareContextLoaderDelegate.java:141) ~[spring-test-5.3.29.jar:5.3.29]
	at org.springframework.test.context.cache.DefaultCacheAwareContextLoaderDelegate.loadContext(DefaultCacheAwareContextLoaderDelegate.java:90) ~[spring-test-5.3.29.jar:5.3.29]
	at org.springframework.test.context.support.DefaultTestContext.getApplicationContext(DefaultTestContext.java:124) ~[spring-test-5.3.29.jar:5.3.29]
	at org.springframework.test.context.web.ServletTestExecutionListener.setUpRequestContextIfNecessary(ServletTestExecutionListener.java:190) ~[spring-test-5.3.29.jar:5.3.29]
	at org.springframework.test.context.web.ServletTestExecutionListener.prepareTestInstance(ServletTestExecutionListener.java:132) ~[spring-test-5.3.29.jar:5.3.29]
	at org.springframework.test.context.TestContextManager.prepareTestInstance(TestContextManager.java:248) ~[spring-test-5.3.29.jar:5.3.29]
	at org.springframework.test.context.junit.jupiter.SpringExtension.postProcessTestInstance(SpringExtension.java:138) ~[spring-test-5.3.29.jar:5.3.29]
	at org.junit.jupiter.engine.descriptor.ClassBasedTestDescriptor.lambda$invokeTestInstancePostProcessors$8(ClassBasedTestDescriptor.java:363) ~[junit-jupiter-engine-5.8.2.jar:5.8.2]
	at org.junit.jupiter.engine.descriptor.ClassBasedTestDescriptor.executeAndMaskThrowable(ClassBasedTestDescriptor.java:368) ~[junit-jupiter-engine-5.8.2.jar:5.8.2]
	at org.junit.jupiter.engine.descriptor.ClassBasedTestDescriptor.lambda$invokeTestInstancePostProcessors$9(ClassBasedTestDescriptor.java:363) ~[junit-jupiter-engine-5.8.2.jar:5.8.2]
	at java.base/java.util.stream.ReferencePipeline$3$1.accept(ReferencePipeline.java:195) ~[na:na]
	at java.base/java.util.stream.ReferencePipeline$2$1.accept(ReferencePipeline.java:177) ~[na:na]
	at java.base/java.util.ArrayList$ArrayListSpliterator.forEachRemaining(ArrayList.java:1655) ~[na:na]
	at java.base/java.util.stream.AbstractPipeline.copyInto(AbstractPipeline.java:484) ~[na:na]
	at java.base/java.util.stream.AbstractPipeline.wrapAndCopyInto(AbstractPipeline.java:474) ~[na:na]
	at java.base/java.util.stream.StreamSpliterators$WrappingSpliterator.forEachRemaining(StreamSpliterators.java:312) ~[na:na]
	at java.base/java.util.stream.Streams$ConcatSpliterator.forEachRemaining(Streams.java:735) ~[na:na]
	at java.base/java.util.stream.Streams$ConcatSpliterator.forEachRemaining(Streams.java:734) ~[na:na]
	at java.base/java.util.stream.ReferencePipeline$Head.forEach(ReferencePipeline.java:658) ~[na:na]
	at org.junit.jupiter.engine.descriptor.ClassBasedTestDescriptor.invokeTestInstancePostProcessors(ClassBasedTestDescriptor.java:362) ~[junit-jupiter-engine-5.8.2.jar:5.8.2]
	at org.junit.jupiter.engine.descriptor.ClassBasedTestDescriptor.lambda$instantiateAndPostProcessTestInstance$6(ClassBasedTestDescriptor.java:283) ~[junit-jupiter-engine-5.8.2.jar:5.8.2]
	at org.junit.platform.engine.support.hierarchical.ThrowableCollector.execute(ThrowableCollector.java:73) ~[junit-platform-engine-1.8.2.jar:1.8.2]
	at org.junit.jupiter.engine.descriptor.ClassBasedTestDescriptor.instantiateAndPostProcessTestInstance(ClassBasedTestDescriptor.java:282) ~[junit-jupiter-engine-5.8.2.jar:5.8.2]
	at org.junit.jupiter.engine.descriptor.ClassBasedTestDescriptor.lambda$testInstancesProvider$4(ClassBasedTestDescriptor.java:272) ~[junit-jupiter-engine-5.8.2.jar:5.8.2]
	at java.base/java.util.Optional.orElseGet(Optional.java:369) ~[na:na]
	at org.junit.jupiter.engine.descriptor.ClassBasedTestDescriptor.lambda$testInstancesProvider$5(ClassBasedTestDescriptor.java:271) ~[junit-jupiter-engine-5.8.2.jar:5.8.2]
	at org.junit.jupiter.engine.execution.TestInstancesProvider.getTestInstances(TestInstancesProvider.java:31) ~[junit-jupiter-engine-5.8.2.jar:5.8.2]
	at org.junit.jupiter.engine.descriptor.TestMethodTestDescriptor.lambda$prepare$0(TestMethodTestDescriptor.java:102) ~[junit-jupiter-engine-5.8.2.jar:5.8.2]
	at org.junit.platform.engine.support.hierarchical.ThrowableCollector.execute(ThrowableCollector.java:73) ~[junit-platform-engine-1.8.2.jar:1.8.2]
	at org.junit.jupiter.engine.descriptor.TestMethodTestDescriptor.prepare(TestMethodTestDescriptor.java:101) ~[junit-jupiter-engine-5.8.2.jar:5.8.2]
	at org.junit.jupiter.engine.descriptor.TestMethodTestDescriptor.prepare(TestMethodTestDescriptor.java:66) ~[junit-jupiter-engine-5.8.2.jar:5.8.2]
	at org.junit.platform.engine.support.hierarchical.NodeTestTask.lambda$prepare$2(NodeTestTask.java:123) ~[junit-platform-engine-1.8.2.jar:1.8.2]
	at org.junit.platform.engine.support.hierarchical.ThrowableCollector.execute(ThrowableCollector.java:73) ~[junit-platform-engine-1.8.2.jar:1.8.2]
	at org.junit.platform.engine.support.hierarchical.NodeTestTask.prepare(NodeTestTask.java:123) ~[junit-platform-engine-1.8.2.jar:1.8.2]
	at org.junit.platform.engine.support.hierarchical.NodeTestTask.execute(NodeTestTask.java:90) ~[junit-platform-engine-1.8.2.jar:1.8.2]
	at java.base/java.util.ArrayList.forEach(ArrayList.java:1541) ~[na:na]
	at org.junit.platform.engine.support.hierarchical.SameThreadHierarchicalTestExecutorService.invokeAll(SameThreadHierarchicalTestExecutorService.java:41) ~[junit-platform-engine-1.8.2.jar:1.8.2]
	at org.junit.platform.engine.support.hierarchical.NodeTestTask.lambda$executeRecursively$6(NodeTestTask.java:155) ~[junit-platform-engine-1.8.2.jar:1.8.2]
	at org.junit.platform.engine.support.hierarchical.ThrowableCollector.execute(ThrowableCollector.java:73) ~[junit-platform-engine-1.8.2.jar:1.8.2]
	at org.junit.platform.engine.support.hierarchical.NodeTestTask.lambda$executeRecursively$8(NodeTestTask.java:141) ~[junit-platform-engine-1.8.2.jar:1.8.2]
	at org.junit.platform.engine.support.hierarchical.Node.around(Node.java:137) ~[junit-platform-engine-1.8.2.jar:1.8.2]
	at org.junit.platform.engine.support.hierarchical.NodeTestTask.lambda$executeRecursively$9(NodeTestTask.java:139) ~[junit-platform-engine-1.8.2.jar:1.8.2]
	at org.junit.platform.engine.support.hierarchical.ThrowableCollector.execute(ThrowableCollector.java:73) ~[junit-platform-engine-1.8.2.jar:1.8.2]
	at org.junit.platform.engine.support.hierarchical.NodeTestTask.executeRecursively(NodeTestTask.java:138) ~[junit-platform-engine-1.8.2.jar:1.8.2]
	at org.junit.platform.engine.support.hierarchical.NodeTestTask.execute(NodeTestTask.java:95) ~[junit-platform-engine-1.8.2.jar:1.8.2]
	at java.base/java.util.ArrayList.forEach(ArrayList.java:1541) ~[na:na]
	at org.junit.platform.engine.support.hierarchical.SameThreadHierarchicalTestExecutorService.invokeAll(SameThreadHierarchicalTestExecutorService.java:41) ~[junit-platform-engine-1.8.2.jar:1.8.2]
	at org.junit.platform.engine.support.hierarchical.NodeTestTask.lambda$executeRecursively$6(NodeTestTask.java:155) ~[junit-platform-engine-1.8.2.jar:1.8.2]
	at org.junit.platform.engine.support.hierarchical.ThrowableCollector.execute(ThrowableCollector.java:73) ~[junit-platform-engine-1.8.2.jar:1.8.2]
	at org.junit.platform.engine.support.hierarchical.NodeTestTask.lambda$executeRecursively$8(NodeTestTask.java:141) ~[junit-platform-engine-1.8.2.jar:1.8.2]
	at org.junit.platform.engine.support.hierarchical.Node.around(Node.java:137) ~[junit-platform-engine-1.8.2.jar:1.8.2]
	at org.junit.platform.engine.support.hierarchical.NodeTestTask.lambda$executeRecursively$9(NodeTestTask.java:139) ~[junit-platform-engine-1.8.2.jar:1.8.2]
	at org.junit.platform.engine.support.hierarchical.ThrowableCollector.execute(ThrowableCollector.java:73) ~[junit-platform-engine-1.8.2.jar:1.8.2]
	at org.junit.platform.engine.support.hierarchical.NodeTestTask.executeRecursively(NodeTestTask.java:138) ~[junit-platform-engine-1.8.2.jar:1.8.2]
	at org.junit.platform.engine.support.hierarchical.NodeTestTask.execute(NodeTestTask.java:95) ~[junit-platform-engine-1.8.2.jar:1.8.2]
	at org.junit.platform.engine.support.hierarchical.SameThreadHierarchicalTestExecutorService.submit(SameThreadHierarchicalTestExecutorService.java:35) ~[junit-platform-engine-1.8.2.jar:1.8.2]
	at org.junit.platform.engine.support.hierarchical.HierarchicalTestExecutor.execute(HierarchicalTestExecutor.java:57) ~[junit-platform-engine-1.8.2.jar:1.8.2]
	at org.junit.platform.engine.support.hierarchical.HierarchicalTestEngine.execute(HierarchicalTestEngine.java:54) ~[junit-platform-engine-1.8.2.jar:1.8.2]
	at org.junit.platform.launcher.core.DefaultLauncher.execute(DefaultLauncher.java:220) ~[junit-platform-launcher-1.3.1.jar:1.3.1]
	at org.junit.platform.launcher.core.DefaultLauncher.lambda$execute$6(DefaultLauncher.java:188) ~[junit-platform-launcher-1.3.1.jar:1.3.1]
	at org.junit.platform.launcher.core.DefaultLauncher.withInterceptedStreams(DefaultLauncher.java:202) ~[junit-platform-launcher-1.3.1.jar:1.3.1]
	at org.junit.platform.launcher.core.DefaultLauncher.execute(DefaultLauncher.java:181) ~[junit-platform-launcher-1.3.1.jar:1.3.1]
	at org.junit.platform.launcher.core.DefaultLauncher.execute(DefaultLauncher.java:128) ~[junit-platform-launcher-1.3.1.jar:1.3.1]
	at org.apache.maven.surefire.junitplatform.JUnitPlatformProvider.invokeAllTests(JUnitPlatformProvider.java:150) ~[surefire-junit-platform-2.22.2.jar:2.22.2]
	at org.apache.maven.surefire.junitplatform.JUnitPlatformProvider.invoke(JUnitPlatformProvider.java:124) ~[surefire-junit-platform-2.22.2.jar:2.22.2]
	at org.apache.maven.surefire.booter.ForkedBooter.invokeProviderInSameClassLoader(ForkedBooter.java:384) ~[surefire-booter-2.22.2.jar:2.22.2]
	at org.apache.maven.surefire.booter.ForkedBooter.runSuitesInProcess(ForkedBooter.java:345) ~[surefire-booter-2.22.2.jar:2.22.2]
	at org.apache.maven.surefire.booter.ForkedBooter.execute(ForkedBooter.java:126) ~[surefire-booter-2.22.2.jar:2.22.2]
	at org.apache.maven.surefire.booter.ForkedBooter.main(ForkedBooter.java:418) ~[surefire-booter-2.22.2.jar:2.22.2]
Caused by: org.apache.camel.NoSuchEndpointException: No endpoint could be found for: schedule://myScheduledRoute1?delay=5000, please check your classpath contains the needed Camel component jar.
	at org.apache.camel.impl.engine.AbstractCamelContext.doGetEndpoint(AbstractCamelContext.java:1015) ~[camel-base-engine-3.20.6.jar:3.20.6]
	at org.apache.camel.impl.engine.AbstractCamelContext.getEndpoint(AbstractCamelContext.java:891) ~[camel-base-engine-3.20.6.jar:3.20.6]
	at org.apache.camel.support.CamelContextHelper.getMandatoryEndpoint(CamelContextHelper.java:62) ~[camel-support-3.20.6.jar:3.20.6]
	at org.apache.camel.reifier.AbstractReifier.resolveEndpoint(AbstractReifier.java:195) ~[camel-core-reifier-3.20.6.jar:3.20.6]
	at org.apache.camel.reifier.RouteReifier.doCreateRoute(RouteReifier.java:95) ~[camel-core-reifier-3.20.6.jar:3.20.6]
	at org.apache.camel.reifier.RouteReifier.createRoute(RouteReifier.java:75) ~[camel-core-reifier-3.20.6.jar:3.20.6]
	... 91 common frames omitted

2023-09-29 16:27:32.936 ERROR 115873 --- [           main] o.s.test.context.TestContextManager      : Caught exception while allowing TestExecutionListener [org.springframework.test.context.web.ServletTestExecutionListener@673be18f] to prepare test instance [com.example.camelmicroservicea.CamelMicroserviceAApplicationTests@2110684a]

java.lang.IllegalStateException: Failed to load ApplicationContext
	at org.springframework.test.context.cache.DefaultCacheAwareContextLoaderDelegate.loadContext(DefaultCacheAwareContextLoaderDelegate.java:98) ~[spring-test-5.3.29.jar:5.3.29]
	at org.springframework.test.context.support.DefaultTestContext.getApplicationContext(DefaultTestContext.java:124) ~[spring-test-5.3.29.jar:5.3.29]
	at org.springframework.test.context.web.ServletTestExecutionListener.setUpRequestContextIfNecessary(ServletTestExecutionListener.java:190) ~[spring-test-5.3.29.jar:5.3.29]
	at org.springframework.test.context.web.ServletTestExecutionListener.prepareTestInstance(ServletTestExecutionListener.java:132) ~[spring-test-5.3.29.jar:5.3.29]
	at org.springframework.test.context.TestContextManager.prepareTestInstance(TestContextManager.java:248) ~[spring-test-5.3.29.jar:5.3.29]
	at org.springframework.test.context.junit.jupiter.SpringExtension.postProcessTestInstance(SpringExtension.java:138) ~[spring-test-5.3.29.jar:5.3.29]
	at org.junit.jupiter.engine.descriptor.ClassBasedTestDescriptor.lambda$invokeTestInstancePostProcessors$8(ClassBasedTestDescriptor.java:363) ~[junit-jupiter-engine-5.8.2.jar:5.8.2]
	at org.junit.jupiter.engine.descriptor.ClassBasedTestDescriptor.executeAndMaskThrowable(ClassBasedTestDescriptor.java:368) ~[junit-jupiter-engine-5.8.2.jar:5.8.2]
	at org.junit.jupiter.engine.descriptor.ClassBasedTestDescriptor.lambda$invokeTestInstancePostProcessors$9(ClassBasedTestDescriptor.java:363) ~[junit-jupiter-engine-5.8.2.jar:5.8.2]
	at java.base/java.util.stream.ReferencePipeline$3$1.accept(ReferencePipeline.java:195) ~[na:na]
	at java.base/java.util.stream.ReferencePipeline$2$1.accept(ReferencePipeline.java:177) ~[na:na]
	at java.base/java.util.ArrayList$ArrayListSpliterator.forEachRemaining(ArrayList.java:1655) ~[na:na]
	at java.base/java.util.stream.AbstractPipeline.copyInto(AbstractPipeline.java:484) ~[na:na]
	at java.base/java.util.stream.AbstractPipeline.wrapAndCopyInto(AbstractPipeline.java:474) ~[na:na]
	at java.base/java.util.stream.StreamSpliterators$WrappingSpliterator.forEachRemaining(StreamSpliterators.java:312) ~[na:na]
	at java.base/java.util.stream.Streams$ConcatSpliterator.forEachRemaining(Streams.java:735) ~[na:na]
	at java.base/java.util.stream.Streams$ConcatSpliterator.forEachRemaining(Streams.java:734) ~[na:na]
	at java.base/java.util.stream.ReferencePipeline$Head.forEach(ReferencePipeline.java:658) ~[na:na]
	at org.junit.jupiter.engine.descriptor.ClassBasedTestDescriptor.invokeTestInstancePostProcessors(ClassBasedTestDescriptor.java:362) ~[junit-jupiter-engine-5.8.2.jar:5.8.2]
	at org.junit.jupiter.engine.descriptor.ClassBasedTestDescriptor.lambda$instantiateAndPostProcessTestInstance$6(ClassBasedTestDescriptor.java:283) ~[junit-jupiter-engine-5.8.2.jar:5.8.2]
	at org.junit.platform.engine.support.hierarchical.ThrowableCollector.execute(ThrowableCollector.java:73) ~[junit-platform-engine-1.8.2.jar:1.8.2]
	at org.junit.jupiter.engine.descriptor.ClassBasedTestDescriptor.instantiateAndPostProcessTestInstance(ClassBasedTestDescriptor.java:282) ~[junit-jupiter-engine-5.8.2.jar:5.8.2]
	at org.junit.jupiter.engine.descriptor.ClassBasedTestDescriptor.lambda$testInstancesProvider$4(ClassBasedTestDescriptor.java:272) ~[junit-jupiter-engine-5.8.2.jar:5.8.2]
	at java.base/java.util.Optional.orElseGet(Optional.java:369) ~[na:na]
	at org.junit.jupiter.engine.descriptor.ClassBasedTestDescriptor.lambda$testInstancesProvider$5(ClassBasedTestDescriptor.java:271) ~[junit-jupiter-engine-5.8.2.jar:5.8.2]
	at org.junit.jupiter.engine.execution.TestInstancesProvider.getTestInstances(TestInstancesProvider.java:31) ~[junit-jupiter-engine-5.8.2.jar:5.8.2]
	at org.junit.jupiter.engine.descriptor.TestMethodTestDescriptor.lambda$prepare$0(TestMethodTestDescriptor.java:102) ~[junit-jupiter-engine-5.8.2.jar:5.8.2]
	at org.junit.platform.engine.support.hierarchical.ThrowableCollector.execute(ThrowableCollector.java:73) ~[junit-platform-engine-1.8.2.jar:1.8.2]
	at org.junit.jupiter.engine.descriptor.TestMethodTestDescriptor.prepare(TestMethodTestDescriptor.java:101) ~[junit-jupiter-engine-5.8.2.jar:5.8.2]
	at org.junit.jupiter.engine.descriptor.TestMethodTestDescriptor.prepare(TestMethodTestDescriptor.java:66) ~[junit-jupiter-engine-5.8.2.jar:5.8.2]
	at org.junit.platform.engine.support.hierarchical.NodeTestTask.lambda$prepare$2(NodeTestTask.java:123) ~[junit-platform-engine-1.8.2.jar:1.8.2]
	at org.junit.platform.engine.support.hierarchical.ThrowableCollector.execute(ThrowableCollector.java:73) ~[junit-platform-engine-1.8.2.jar:1.8.2]
	at org.junit.platform.engine.support.hierarchical.NodeTestTask.prepare(NodeTestTask.java:123) ~[junit-platform-engine-1.8.2.jar:1.8.2]
	at org.junit.platform.engine.support.hierarchical.NodeTestTask.execute(NodeTestTask.java:90) ~[junit-platform-engine-1.8.2.jar:1.8.2]
	at java.base/java.util.ArrayList.forEach(ArrayList.java:1541) ~[na:na]
	at org.junit.platform.engine.support.hierarchical.SameThreadHierarchicalTestExecutorService.invokeAll(SameThreadHierarchicalTestExecutorService.java:41) ~[junit-platform-engine-1.8.2.jar:1.8.2]
	at org.junit.platform.engine.support.hierarchical.NodeTestTask.lambda$executeRecursively$6(NodeTestTask.java:155) ~[junit-platform-engine-1.8.2.jar:1.8.2]
	at org.junit.platform.engine.support.hierarchical.ThrowableCollector.execute(ThrowableCollector.java:73) ~[junit-platform-engine-1.8.2.jar:1.8.2]
	at org.junit.platform.engine.support.hierarchical.NodeTestTask.lambda$executeRecursively$8(NodeTestTask.java:141) ~[junit-platform-engine-1.8.2.jar:1.8.2]
	at org.junit.platform.engine.support.hierarchical.Node.around(Node.java:137) ~[junit-platform-engine-1.8.2.jar:1.8.2]
	at org.junit.platform.engine.support.hierarchical.NodeTestTask.lambda$executeRecursively$9(NodeTestTask.java:139) ~[junit-platform-engine-1.8.2.jar:1.8.2]
	at org.junit.platform.engine.support.hierarchical.ThrowableCollector.execute(ThrowableCollector.java:73) ~[junit-platform-engine-1.8.2.jar:1.8.2]
	at org.junit.platform.engine.support.hierarchical.NodeTestTask.executeRecursively(NodeTestTask.java:138) ~[junit-platform-engine-1.8.2.jar:1.8.2]
	at org.junit.platform.engine.support.hierarchical.NodeTestTask.execute(NodeTestTask.java:95) ~[junit-platform-engine-1.8.2.jar:1.8.2]
	at java.base/java.util.ArrayList.forEach(ArrayList.java:1541) ~[na:na]
	at org.junit.platform.engine.support.hierarchical.SameThreadHierarchicalTestExecutorService.invokeAll(SameThreadHierarchicalTestExecutorService.java:41) ~[junit-platform-engine-1.8.2.jar:1.8.2]
	at org.junit.platform.engine.support.hierarchical.NodeTestTask.lambda$executeRecursively$6(NodeTestTask.java:155) ~[junit-platform-engine-1.8.2.jar:1.8.2]
	at org.junit.platform.engine.support.hierarchical.ThrowableCollector.execute(ThrowableCollector.java:73) ~[junit-platform-engine-1.8.2.jar:1.8.2]
	at org.junit.platform.engine.support.hierarchical.NodeTestTask.lambda$executeRecursively$8(NodeTestTask.java:141) ~[junit-platform-engine-1.8.2.jar:1.8.2]
	at org.junit.platform.engine.support.hierarchical.Node.around(Node.java:137) ~[junit-platform-engine-1.8.2.jar:1.8.2]
	at org.junit.platform.engine.support.hierarchical.NodeTestTask.lambda$executeRecursively$9(NodeTestTask.java:139) ~[junit-platform-engine-1.8.2.jar:1.8.2]
	at org.junit.platform.engine.support.hierarchical.ThrowableCollector.execute(ThrowableCollector.java:73) ~[junit-platform-engine-1.8.2.jar:1.8.2]
	at org.junit.platform.engine.support.hierarchical.NodeTestTask.executeRecursively(NodeTestTask.java:138) ~[junit-platform-engine-1.8.2.jar:1.8.2]
	at org.junit.platform.engine.support.hierarchical.NodeTestTask.execute(NodeTestTask.java:95) ~[junit-platform-engine-1.8.2.jar:1.8.2]
	at org.junit.platform.engine.support.hierarchical.SameThreadHierarchicalTestExecutorService.submit(SameThreadHierarchicalTestExecutorService.java:35) ~[junit-platform-engine-1.8.2.jar:1.8.2]
	at org.junit.platform.engine.support.hierarchical.HierarchicalTestExecutor.execute(HierarchicalTestExecutor.java:57) ~[junit-platform-engine-1.8.2.jar:1.8.2]
	at org.junit.platform.engine.support.hierarchical.HierarchicalTestEngine.execute(HierarchicalTestEngine.java:54) ~[junit-platform-engine-1.8.2.jar:1.8.2]
	at org.junit.platform.launcher.core.DefaultLauncher.execute(DefaultLauncher.java:220) ~[junit-platform-launcher-1.3.1.jar:1.3.1]
	at org.junit.platform.launcher.core.DefaultLauncher.lambda$execute$6(DefaultLauncher.java:188) ~[junit-platform-launcher-1.3.1.jar:1.3.1]
	at org.junit.platform.launcher.core.DefaultLauncher.withInterceptedStreams(DefaultLauncher.java:202) ~[junit-platform-launcher-1.3.1.jar:1.3.1]
	at org.junit.platform.launcher.core.DefaultLauncher.execute(DefaultLauncher.java:181) ~[junit-platform-launcher-1.3.1.jar:1.3.1]
	at org.junit.platform.launcher.core.DefaultLauncher.execute(DefaultLauncher.java:128) ~[junit-platform-launcher-1.3.1.jar:1.3.1]
	at org.apache.maven.surefire.junitplatform.JUnitPlatformProvider.invokeAllTests(JUnitPlatformProvider.java:150) ~[surefire-junit-platform-2.22.2.jar:2.22.2]
	at org.apache.maven.surefire.junitplatform.JUnitPlatformProvider.invoke(JUnitPlatformProvider.java:124) ~[surefire-junit-platform-2.22.2.jar:2.22.2]
	at org.apache.maven.surefire.booter.ForkedBooter.invokeProviderInSameClassLoader(ForkedBooter.java:384) ~[surefire-booter-2.22.2.jar:2.22.2]
	at org.apache.maven.surefire.booter.ForkedBooter.runSuitesInProcess(ForkedBooter.java:345) ~[surefire-booter-2.22.2.jar:2.22.2]
	at org.apache.maven.surefire.booter.ForkedBooter.execute(ForkedBooter.java:126) ~[surefire-booter-2.22.2.jar:2.22.2]
	at org.apache.maven.surefire.booter.ForkedBooter.main(ForkedBooter.java:418) ~[surefire-booter-2.22.2.jar:2.22.2]
Caused by: org.apache.camel.FailedToCreateRouteException: Failed to create route route3: Route(route3)[From[schedule:myScheduledRoute1?delay=5000] ->... because of No endpoint could be found for: schedule://myScheduledRoute1?delay=5000, please check your classpath contains the needed Camel component jar.
	at org.apache.camel.reifier.RouteReifier.createRoute(RouteReifier.java:81) ~[camel-core-reifier-3.20.6.jar:3.20.6]
	at org.apache.camel.impl.DefaultModelReifierFactory.createRoute(DefaultModelReifierFactory.java:49) ~[camel-core-engine-3.20.6.jar:3.20.6]
	at org.apache.camel.impl.DefaultCamelContext.startRouteDefinitions(DefaultCamelContext.java:937) ~[camel-core-engine-3.20.6.jar:3.20.6]
	at org.apache.camel.impl.DefaultCamelContext.startRouteDefinitions(DefaultCamelContext.java:800) ~[camel-core-engine-3.20.6.jar:3.20.6]
	at org.apache.camel.impl.engine.AbstractCamelContext.doInit(AbstractCamelContext.java:3017) ~[camel-base-engine-3.20.6.jar:3.20.6]
	at org.apache.camel.support.service.BaseService.init(BaseService.java:83) ~[camel-api-3.20.6.jar:3.20.6]
	at org.apache.camel.impl.engine.AbstractCamelContext.init(AbstractCamelContext.java:2688) ~[camel-base-engine-3.20.6.jar:3.20.6]
	at org.apache.camel.support.service.BaseService.start(BaseService.java:111) ~[camel-api-3.20.6.jar:3.20.6]
	at org.apache.camel.impl.engine.AbstractCamelContext.start(AbstractCamelContext.java:2707) ~[camel-base-engine-3.20.6.jar:3.20.6]
	at org.apache.camel.impl.DefaultCamelContext.start(DefaultCamelContext.java:262) ~[camel-core-engine-3.20.6.jar:3.20.6]
	at org.apache.camel.spring.SpringCamelContext.start(SpringCamelContext.java:119) ~[camel-spring-3.20.6.jar:3.20.6]
	at org.apache.camel.spring.SpringCamelContext.onApplicationEvent(SpringCamelContext.java:151) ~[camel-spring-3.20.6.jar:3.20.6]
	at org.springframework.context.event.SimpleApplicationEventMulticaster.doInvokeListener(SimpleApplicationEventMulticaster.java:176) ~[spring-context-5.3.29.jar:5.3.29]
	at org.springframework.context.event.SimpleApplicationEventMulticaster.invokeListener(SimpleApplicationEventMulticaster.java:169) ~[spring-context-5.3.29.jar:5.3.29]
	at org.springframework.context.event.SimpleApplicationEventMulticaster.multicastEvent(SimpleApplicationEventMulticaster.java:143) ~[spring-context-5.3.29.jar:5.3.29]
	at org.springframework.context.support.AbstractApplicationContext.publishEvent(AbstractApplicationContext.java:421) ~[spring-context-5.3.29.jar:5.3.29]
	at org.springframework.context.support.AbstractApplicationContext.publishEvent(AbstractApplicationContext.java:378) ~[spring-context-5.3.29.jar:5.3.29]
	at org.springframework.context.support.AbstractApplicationContext.finishRefresh(AbstractApplicationContext.java:941) ~[spring-context-5.3.29.jar:5.3.29]
	at org.springframework.context.support.AbstractApplicationContext.refresh(AbstractApplicationContext.java:586) ~[spring-context-5.3.29.jar:5.3.29]
	at org.springframework.boot.SpringApplication.refresh(SpringApplication.java:731) ~[spring-boot-2.7.15.jar:2.7.15]
	at org.springframework.boot.SpringApplication.refreshContext(SpringApplication.java:408) ~[spring-boot-2.7.15.jar:2.7.15]
	at org.springframework.boot.SpringApplication.run(SpringApplication.java:307) ~[spring-boot-2.7.15.jar:2.7.15]
	at org.springframework.boot.test.context.SpringBootContextLoader.loadContext(SpringBootContextLoader.java:136) ~[spring-boot-test-2.7.15.jar:2.7.15]
	at org.springframework.test.context.cache.DefaultCacheAwareContextLoaderDelegate.loadContextInternal(DefaultCacheAwareContextLoaderDelegate.java:141) ~[spring-test-5.3.29.jar:5.3.29]
	at org.springframework.test.context.cache.DefaultCacheAwareContextLoaderDelegate.loadContext(DefaultCacheAwareContextLoaderDelegate.java:90) ~[spring-test-5.3.29.jar:5.3.29]
	... 67 common frames omitted
Caused by: org.apache.camel.NoSuchEndpointException: No endpoint could be found for: schedule://myScheduledRoute1?delay=5000, please check your classpath contains the needed Camel component jar.
	at org.apache.camel.impl.engine.AbstractCamelContext.doGetEndpoint(AbstractCamelContext.java:1015) ~[camel-base-engine-3.20.6.jar:3.20.6]
	at org.apache.camel.impl.engine.AbstractCamelContext.getEndpoint(AbstractCamelContext.java:891) ~[camel-base-engine-3.20.6.jar:3.20.6]
	at org.apache.camel.support.CamelContextHelper.getMandatoryEndpoint(CamelContextHelper.java:62) ~[camel-support-3.20.6.jar:3.20.6]
	at org.apache.camel.reifier.AbstractReifier.resolveEndpoint(AbstractReifier.java:195) ~[camel-core-reifier-3.20.6.jar:3.20.6]
	at org.apache.camel.reifier.RouteReifier.doCreateRoute(RouteReifier.java:95) ~[camel-core-reifier-3.20.6.jar:3.20.6]
	at org.apache.camel.reifier.RouteReifier.createRoute(RouteReifier.java:75) ~[camel-core-reifier-3.20.6.jar:3.20.6]
	... 91 common frames omitted

]]></system-out>
  </testcase>
</testsuite>